<?xml version="1.0" encoding="UTF-8"?>
<testsuite xmlns:xsi="http://www.w3.org/2001/XMLSchema-instance" xsi:noNamespaceSchemaLocation="https://maven.apache.org/surefire/maven-surefire-plugin/xsd/surefire-test-report-3.0.xsd" version="3.0" name="com.jdc.cm.test.CollectionMappingTest" time="2.054" tests="1" errors="0" skipped="0" failures="0">
  <properties>
[...]
</properties>
  <testcase name="test" classname="com.jdc.cm.test.CollectionMappingTest" time="2.022">
    <system-out><![CDATA[Hibernate: 
    alter table MediaAssert_permissionNumbers 
       drop 
       foreign key FK2gxcy6y0wwwoss5pqc7a7cht1
Hibernate: 
    alter table permission_tbl 
       drop 
       foreign key FKdsu86u6vtak6x0spw2lt1wk4j
Hibernate: 
    drop table if exists media_assert_tbl
Hibernate: 
    drop table if exists MediaAssert_permissionNumbers
Hibernate: 
    drop table if exists permission_tbl
Hibernate: 
    create table media_assert_tbl (
        id integer not null,
        format varchar(255),
        name varchar(255),
        primary key (id)
    ) engine=InnoDB
Hibernate: 
    create table MediaAssert_permissionNumbers (
        MediaAssert_id integer not null,
        permission_number integer not null,
        primary key (MediaAssert_id, permission_number)
    ) engine=InnoDB
Hibernate: 
    create table permission_tbl (
        media_assert_id integer not null,
        permission tinyint not null check (permission between 0 and 2)
    ) engine=InnoDB
Hibernate: 
    alter table MediaAssert_permissionNumbers 
       add constraint FK2gxcy6y0wwwoss5pqc7a7cht1 
       foreign key (MediaAssert_id) 
       references media_assert_tbl (id)
Hibernate: 
    alter table permission_tbl 
       add constraint FKdsu86u6vtak6x0spw2lt1wk4j 
       foreign key (media_assert_id) 
       references media_assert_tbl (id)
]]></system-out>
    <system-err><![CDATA[Sept 19, 2024 3:45:48 PM org.hibernate.jpa.internal.util.LogHelper logPersistenceUnitInformation
INFO: HHH000204: Processing PersistenceUnitInfo [name: cm]
Sept 19, 2024 3:45:48 PM org.hibernate.Version logVersion
INFO: HHH000412: Hibernate ORM core version 6.6.0.Final
Sept 19, 2024 3:45:48 PM org.hibernate.cache.internal.RegionFactoryInitiator initiateService
INFO: HHH000026: Second-level cache disabled
Sept 19, 2024 3:45:48 PM org.hibernate.engine.jdbc.connections.internal.DriverManagerConnectionProviderImpl configure
WARN: HHH10001002: Using built-in connection pool (not intended for production use)
Sept 19, 2024 3:45:49 PM org.hibernate.engine.jdbc.env.internal.JdbcEnvironmentInitiator initiateService
INFO: HHH10001005: Database info:
	Database JDBC URL [jdbc:mysql://localhost:3306/jpa_db]
	Database driver: com.mysql.cj.jdbc.Driver
	Database version: 8.0.33
	Autocommit mode: false
	Isolation level: undefined/unknown
	Minimum pool size: 1
	Maximum pool size: 20
Sept 19, 2024 3:45:49 PM org.hibernate.engine.transaction.jta.platform.internal.JtaPlatformInitiator initiateService
INFO: HHH000489: No JTA platform available (set 'hibernate.transaction.jta.platform' to enable JTA platform integration)
Sept 19, 2024 3:45:49 PM org.hibernate.resource.transaction.backend.jdbc.internal.DdlTransactionIsolatorNonJtaImpl getIsolatedConnection
INFO: HHH10001501: Connection obtained from JdbcConnectionAccess [org.hibernate.engine.jdbc.env.internal.JdbcEnvironmentInitiator$ConnectionProviderJdbcConnectionAccess@1d77746b] for (non-JTA) DDL execution was not in auto-commit mode; the Connection 'local transaction' will be committed and the Connection will be set into auto-commit mode.
Sept 19, 2024 3:45:50 PM org.hibernate.resource.transaction.backend.jdbc.internal.DdlTransactionIsolatorNonJtaImpl getIsolatedConnection
INFO: HHH10001501: Connection obtained from JdbcConnectionAccess [org.hibernate.engine.jdbc.env.internal.JdbcEnvironmentInitiator$ConnectionProviderJdbcConnectionAccess@1da745a2] for (non-JTA) DDL execution was not in auto-commit mode; the Connection 'local transaction' will be committed and the Connection will be set into auto-commit mode.
]]></system-err>
  </testcase>
</testsuite>